<?xml version="1.0" encoding="UTF-8"?>
<!-- Generated by org.testng.reporters.JUnitXMLReporter -->
<testsuite ignored="0" hostname="SHANKAR-PC" failures="1" tests="2" name="Guru99 Test" time="35.255" errors="0" timestamp="02 Apr 2023 17:36:50 GMT">
  <testcase classname="com.pom.test.LoginPageTest" name="LoginTest" time="6.788">
    <failure type="java.lang.AssertionError" message="expected [true] but found [false]">
      <![CDATA[java.lang.AssertionError: expected [true] but found [false]
	at com.pom.test.LoginPageTest.LoginTest(LoginPageTest.java:46)
... Removed 29 stack frames]]>
    </failure>
  </testcase> <!-- LoginTest -->
  <testcase classname="com.pom.test.LoginPageTest" name="loginTest1" time="4.759"/>
</testsuite> <!-- Guru99 Test -->
