<?xml version="1.0" encoding="UTF-8"?>
<testng-results ignored="0" total="2" passed="2" failed="0" skipped="0">
  <reporter-output>
  </reporter-output>
  <suite started-at="2023-04-03T15:56:34Z" name="Guru99 Automation test" finished-at="2023-04-03T15:57:04Z" duration-ms="29798">
    <groups>
    </groups>
    <test started-at="2023-04-03T15:56:34Z" name="Guru99 Test" finished-at="2023-04-03T15:57:04Z" duration-ms="29798">
      <class name="com.pom.test.LoginPageTest">
        <test-method is-config="true" signature="setUp()[pri:0, instance:com.pom.test.LoginPageTest@5f8e8a9d]" started-at="2023-04-03T21:26:34Z" name="setUp" finished-at="2023-04-03T21:26:41Z" duration-ms="7446" status="PASS">
          <reporter-output>
          </reporter-output>
        </test-method> <!-- setUp -->
        <test-method signature="LoginTest()[pri:0, instance:com.pom.test.LoginPageTest@5f8e8a9d]" started-at="2023-04-03T21:26:41Z" name="LoginTest" finished-at="2023-04-03T21:26:51Z" duration-ms="9837" status="PASS">
          <reporter-output>
          </reporter-output>
        </test-method> <!-- LoginTest -->
        <test-method is-config="true" signature="tearDown()[pri:0, instance:com.pom.test.LoginPageTest@5f8e8a9d]" started-at="2023-04-03T21:26:51Z" name="tearDown" finished-at="2023-04-03T21:26:52Z" duration-ms="254" status="PASS">
          <reporter-output>
          </reporter-output>
        </test-method> <!-- tearDown -->
        <test-method is-config="true" signature="setUp()[pri:0, instance:com.pom.test.LoginPageTest@5f8e8a9d]" started-at="2023-04-03T21:26:52Z" name="setUp" finished-at="2023-04-03T21:26:58Z" duration-ms="6555" status="PASS">
          <reporter-output>
          </reporter-output>
        </test-method> <!-- setUp -->
        <test-method signature="loginTest1()[pri:0, instance:com.pom.test.LoginPageTest@5f8e8a9d]" started-at="2023-04-03T21:26:58Z" name="loginTest1" finished-at="2023-04-03T21:27:04Z" duration-ms="5440" status="PASS">
          <reporter-output>
          </reporter-output>
        </test-method> <!-- loginTest1 -->
        <test-method is-config="true" signature="tearDown()[pri:0, instance:com.pom.test.LoginPageTest@5f8e8a9d]" started-at="2023-04-03T21:27:04Z" name="tearDown" finished-at="2023-04-03T21:27:04Z" duration-ms="249" status="PASS">
          <reporter-output>
          </reporter-output>
        </test-method> <!-- tearDown -->
      </class> <!-- com.pom.test.LoginPageTest -->
    </test> <!-- Guru99 Test -->
  </suite> <!-- Guru99 Automation test -->
</testng-results>
